<?xml version="1.0" encoding="UTF-8"?>
<!-- Generated by org.testng.reporters.JUnitXMLReporter -->
<testsuite hostname="ForeVision" name="Test(failed)" tests="1" failures="1" timestamp="9 Jan 2020 17:15:12 GMT" time="14.199" errors="0">
  <testcase name="testValidLogin" time="0.448" classname="com.scripts.TestLoginPage">
    <failure type="java.lang.AssertionError" message="expected [ ] but found [actiTIME - Login]">
      <![CDATA[java.lang.AssertionError: expected [ ] but found [actiTIME - Login]
	at com.generics.FWUtills.verifiePage(FWUtills.java:41)
	at com.scripts.TestLoginPage.testValidLogin(TestLoginPage.java:23)
... Removed 31 stack frames]]>
    </failure>
  </testcase> <!-- testValidLogin -->
</testsuite> <!-- Test(failed) -->
