<?xml version="1.0" encoding="UTF-8"?>
<!-- Generated by org.testng.reporters.JUnitXMLReporter -->
<testsuite hostname="ForeVision" name="Test" tests="5" failures="0" timestamp="2 Jan 2020 14:20:59 GMT" time="108.12" errors="0">
  <testcase name="InvalidLogin" time="11.488" classname="Com.Actitime.Scripts.testInvalidLoginPage1"/>
  <testcase name="validLogin" time="1.785" classname="Com.Actitime.Scripts.TestLoginPage1"/>
  <testcase name="createNewCustomer" time="8.392" classname="Com.Actitime.Scripts.TestCreasteNewCustPage"/>
  <testcase name="createNewProject" time="9.299" classname="Com.Actitime.Scripts.TestCreateNewProjectPage"/>
  <testcase name="addTaskToCust" time="17.72" classname="Com.Actitime.Scripts.TestAddTasksPage"/>
</testsuite> <!-- Test -->
